<?xml version="1.0" encoding="UTF-8"?>
<!-- Generated by org.testng.reporters.JUnitXMLReporter -->
<testsuite ignored="0" hostname="MU00106234X" failures="0" tests="4" name="Default test" time="4.911" errors="0" timestamp="2025-07-07T21:45:44 AEST">
  <testcase classname="Test.TestScript" name="TestALogin" time="0.447"/>
  <testcase classname="Test.TestScript" name="TestBShoppingCart" time="0.28"/>
  <testcase classname="Test.TestScript" name="TestCCheckoutInfo" time="0.344"/>
  <testcase classname="Test.TestScript" name="TestDChkOutOverview" time="0.085"/>
</testsuite> <!-- Default test -->
