<?xml version="1.0" encoding="UTF-8"?>
<!-- Generated by org.testng.reporters.JUnitXMLReporter -->
<testsuite ignored="0" hostname="MU00106234X" failures="0" tests="4" name="Test" time="6.04" errors="0" timestamp="2025-07-10T16:20:38 AEST">
  <testcase classname="Test.TestScript" name="TestALogin" time="0.427"/>
  <testcase classname="Test.TestScript" name="TestBShoppingCart" time="0.308"/>
  <testcase classname="Test.TestScript" name="TestCCheckoutInfo" time="0.625"/>
  <testcase classname="Test.TestScript" name="TestDChkOutOverview" time="0.083"/>
</testsuite> <!-- Test -->
