<?xml version="1.0" encoding="UTF-8"?>
<!-- Generated by org.testng.reporters.JUnitXMLReporter -->
<testsuite ignored="0" hostname="MU00106234X" failures="0" tests="4" name="Test" time="10.431" errors="0" timestamp="2025-07-10T14:29:56 AEST">
  <testcase classname="Test.TestScript" name="TestALogin" time="0.499"/>
  <testcase classname="Test.TestScript" name="TestBShoppingCart" time="0.313"/>
  <testcase classname="Test.TestScript" name="TestCCheckoutInfo" time="0.413"/>
  <testcase classname="Test.TestScript" name="TestDChkOutOverview" time="0.116"/>
</testsuite> <!-- Test -->
